2022-08-03 11:18:30,416 -Test worker  INFO Version - WELD-000900: 3.1.8 (Final)
2022-08-03 11:18:31,021 -Test worker  INFO Bootstrap - WELD-000101: Transactional services not available. Injection of @Inject UserTransaction not available. Transactional observers will be invoked synchronously.
2022-08-03 11:18:31,248 -Test worker  INFO Event - WELD-000411: Observer method [BackedAnnotatedMethod] public org.glassfish.jersey.ext.cdi1x.internal.ProcessAllAnnotatedTypes.processAnnotatedType(@Observes ProcessAnnotatedType<?>, BeanManager) receives events for all annotated types. Consider restricting events using @WithAnnotations or a generic type with bounds.
2022-08-03 11:18:31,265 -Test worker  INFO Event - WELD-000411: Observer method [BackedAnnotatedMethod] private org.glassfish.jersey.ext.cdi1x.inject.internal.InjectExtension.processAnnotatedType(@Observes ProcessAnnotatedType<?>, BeanManager) receives events for all annotated types. Consider restricting events using @WithAnnotations or a generic type with bounds.
2022-08-03 11:18:32,726 -Test worker  INFO Bootstrap - WELD-ENV-002003: Weld SE container c2cc9792-dbeb-434c-b216-6e5b4e6b6b58 initialized
2022-08-03 11:18:35,417 -Test worker  INFO Version - HV000001: Hibernate Validator 6.2.0.Final
2022-08-03 11:18:39,542 -Test worker  WARN NativeCodeLoader - Unable to load native-hadoop library for your platform... using builtin-java classes where applicable
2022-08-03 11:18:52,231 -Test worker  INFO Bootstrap - WELD-ENV-002001: Weld SE container c2cc9792-dbeb-434c-b216-6e5b4e6b6b58 shut down
2022-08-03 11:18:52,373 -Test worker  INFO Bootstrap - WELD-000101: Transactional services not available. Injection of @Inject UserTransaction not available. Transactional observers will be invoked synchronously.
2022-08-03 11:18:52,409 -Test worker  INFO Event - WELD-000411: Observer method [BackedAnnotatedMethod] private org.glassfish.jersey.ext.cdi1x.inject.internal.InjectExtension.processAnnotatedType(@Observes ProcessAnnotatedType<?>, BeanManager) receives events for all annotated types. Consider restricting events using @WithAnnotations or a generic type with bounds.
2022-08-03 11:18:52,412 -Test worker  INFO Event - WELD-000411: Observer method [BackedAnnotatedMethod] public org.glassfish.jersey.ext.cdi1x.internal.ProcessAllAnnotatedTypes.processAnnotatedType(@Observes ProcessAnnotatedType<?>, BeanManager) receives events for all annotated types. Consider restricting events using @WithAnnotations or a generic type with bounds.
2022-08-03 11:18:52,850 -Test worker  INFO Bootstrap - WELD-ENV-002003: Weld SE container 694b7c33-1f30-48a8-ba51-d66e9c4c360c initialized
2022-08-03 11:18:54,867 -Test worker  INFO Bootstrap - WELD-ENV-002001: Weld SE container 694b7c33-1f30-48a8-ba51-d66e9c4c360c shut down
2022-08-03 11:18:54,985 -Test worker  INFO Bootstrap - WELD-000101: Transactional services not available. Injection of @Inject UserTransaction not available. Transactional observers will be invoked synchronously.
2022-08-03 11:18:55,040 -Test worker  INFO Event - WELD-000411: Observer method [BackedAnnotatedMethod] private org.glassfish.jersey.ext.cdi1x.inject.internal.InjectExtension.processAnnotatedType(@Observes ProcessAnnotatedType<?>, BeanManager) receives events for all annotated types. Consider restricting events using @WithAnnotations or a generic type with bounds.
2022-08-03 11:18:55,042 -Test worker  INFO Event - WELD-000411: Observer method [BackedAnnotatedMethod] public org.glassfish.jersey.ext.cdi1x.internal.ProcessAllAnnotatedTypes.processAnnotatedType(@Observes ProcessAnnotatedType<?>, BeanManager) receives events for all annotated types. Consider restricting events using @WithAnnotations or a generic type with bounds.
2022-08-03 11:18:55,466 -Test worker  INFO Bootstrap - WELD-ENV-002003: Weld SE container f0746d71-2702-4531-8408-b8965cf15fe0 initialized
2022-08-03 11:18:58,325 -Test worker  INFO Bootstrap - WELD-ENV-002001: Weld SE container f0746d71-2702-4531-8408-b8965cf15fe0 shut down
2022-08-03 11:18:58,430 -Test worker  INFO Bootstrap - WELD-000101: Transactional services not available. Injection of @Inject UserTransaction not available. Transactional observers will be invoked synchronously.
2022-08-03 11:18:58,456 -Test worker  INFO Event - WELD-000411: Observer method [BackedAnnotatedMethod] public org.glassfish.jersey.ext.cdi1x.internal.ProcessAllAnnotatedTypes.processAnnotatedType(@Observes ProcessAnnotatedType<?>, BeanManager) receives events for all annotated types. Consider restricting events using @WithAnnotations or a generic type with bounds.
2022-08-03 11:18:58,458 -Test worker  INFO Event - WELD-000411: Observer method [BackedAnnotatedMethod] private org.glassfish.jersey.ext.cdi1x.inject.internal.InjectExtension.processAnnotatedType(@Observes ProcessAnnotatedType<?>, BeanManager) receives events for all annotated types. Consider restricting events using @WithAnnotations or a generic type with bounds.
2022-08-03 11:18:58,700 -Test worker  INFO Bootstrap - WELD-ENV-002003: Weld SE container b5a6e07d-aaf2-49b8-91d1-3c32967e62ca initialized
2022-08-03 11:19:22,187 -Test worker  INFO Bootstrap - WELD-ENV-002001: Weld SE container b5a6e07d-aaf2-49b8-91d1-3c32967e62ca shut down
2022-08-03 11:19:22,486 -Test worker  INFO Bootstrap - WELD-000101: Transactional services not available. Injection of @Inject UserTransaction not available. Transactional observers will be invoked synchronously.
2022-08-03 11:19:22,714 -Test worker  INFO Event - WELD-000411: Observer method [BackedAnnotatedMethod] private org.glassfish.jersey.ext.cdi1x.inject.internal.InjectExtension.processAnnotatedType(@Observes ProcessAnnotatedType<?>, BeanManager) receives events for all annotated types. Consider restricting events using @WithAnnotations or a generic type with bounds.
2022-08-03 11:19:22,718 -Test worker  INFO Event - WELD-000411: Observer method [BackedAnnotatedMethod] public org.glassfish.jersey.ext.cdi1x.internal.ProcessAllAnnotatedTypes.processAnnotatedType(@Observes ProcessAnnotatedType<?>, BeanManager) receives events for all annotated types. Consider restricting events using @WithAnnotations or a generic type with bounds.
2022-08-03 11:19:23,320 -Test worker  INFO Bootstrap - WELD-ENV-002003: Weld SE container b62e4f34-1561-45bc-88ee-90828afc5c82 initialized
2022-08-03 11:19:27,559 -Test worker  INFO Bootstrap - WELD-ENV-002001: Weld SE container b62e4f34-1561-45bc-88ee-90828afc5c82 shut down
2022-08-03 11:19:27,741 -Test worker  INFO Bootstrap - WELD-000101: Transactional services not available. Injection of @Inject UserTransaction not available. Transactional observers will be invoked synchronously.
2022-08-03 11:19:27,910 -Test worker  INFO Event - WELD-000411: Observer method [BackedAnnotatedMethod] public org.glassfish.jersey.ext.cdi1x.internal.ProcessAllAnnotatedTypes.processAnnotatedType(@Observes ProcessAnnotatedType<?>, BeanManager) receives events for all annotated types. Consider restricting events using @WithAnnotations or a generic type with bounds.
2022-08-03 11:19:27,913 -Test worker  INFO Event - WELD-000411: Observer method [BackedAnnotatedMethod] private org.glassfish.jersey.ext.cdi1x.inject.internal.InjectExtension.processAnnotatedType(@Observes ProcessAnnotatedType<?>, BeanManager) receives events for all annotated types. Consider restricting events using @WithAnnotations or a generic type with bounds.
2022-08-03 11:19:28,456 -Test worker  INFO Bootstrap - WELD-ENV-002003: Weld SE container a3e62011-ab7e-469d-89f2-082aecfa362f initialized
2022-08-03 11:20:42,254 -Thread-4  INFO Bootstrap - WELD-ENV-002001: Weld SE container a3e62011-ab7e-469d-89f2-082aecfa362f shut down
